<?xml version="1.0" encoding="UTF-8" ?>
<testsuites>

  <testsuite name="Player" errors="0" tests="1" failures="0" time="" timestamp="Thu Jan 30 2014 12:26:44 GMT-0800 (PST)">
    
      <testcase assertions="0" classname="Player" name="should be able to play a Song" time="0.002">
        
      </testcase>
    
  </testsuite>

</testsuites>