<?xml version="1.0" encoding="UTF-8" ?>
<testsuites>

  <testsuite name="Player #resume" errors="0" tests="1" failures="0" time="0.006" timestamp="Thu Jan 30 2014 12:26:44 GMT-0800 (PST)">
    
      <testcase assertions="0" classname="Player #resume" name="should throw an exception if song is already playing" time="0.001">
        
      </testcase>
    
  </testsuite>

</testsuites>